\it电子书--pdf\file_list.log

\it电子书--pdf\linux

\it电子书--pdf\mongod电子书

\it电子书--pdf\mysql
\it电子书--pdf\mysql\mysql是怎样运行的：从根儿上理解mysql.pdf
\it电子书--pdf\mysql\千金良方：mysql性能优化金字塔法则.pdf
\it电子书--pdf\mysql\我们都是小青蛙mysql系列文章.pdf

\it电子书--pdf\oracle

\it电子书--pdf\python电子书

\it电子书--pdf\案例

\it电子书--pdf\linux\linux系统常用命令快速入门.pdf
\it电子书--pdf\linux\shell脚本学习指南.pdf
\it电子书--pdf\linux\《ansible权威指南》.pdf
\it电子书--pdf\linux\跟老男孩学linux运维：web集群实战-老男孩.pdf
\it电子书--pdf\linux\鸟哥的linux私房菜基础篇第三版.pdf

\it电子书--pdf\mongod电子书\dba-day13-14-第十二章 nosql-mongodb-20200907.md
\it电子书--pdf\mongod电子书\mongodb权威指南第二版.pdf
\it电子书--pdf\mongod电子书\mongodb游记之轻松入门到进阶.pdf
\it电子书--pdf\mongod电子书\mongodb运维实战.pdf


\it电子书--pdf\oracle\oracle10g安装克隆物理拷贝方法.pdf

\it电子书--pdf\python电子书\python 核心编程(第3版)中文版高清.pdf
\it电子书--pdf\python电子书\python3-廖雪峰--笔记--20210719.md
\it电子书--pdf\python电子书\python3-廖雪峰.pdf
\it电子书--pdf\python电子书\python基础教程（第3版）.pdf
\it电子书--pdf\python电子书\python编程：从入门到实践.pdf
\it电子书--pdf\python电子书\《python高效开发实战――django、tornado、flask、twisted（第2版）》.pdf
\it电子书--pdf\python电子书\从python开始学编程.pdf
\it电子书--pdf\python电子书\看漫画学python：有趣、有料、好玩、好用：全彩版.pdf
